0 info it worked if it ends with ok
1 verbose cli [ '/usr/bin/nodejs', '/usr/bin/npm', 'run', 'precommit' ]
2 info using npm@3.10.3
3 info using node@v6.3.1
4 verbose run-script [ 'precommit' ]
5 info lifecycle projects@~precommit: projects@
6 verbose lifecycle projects@~precommit: unsafe-perm in lifecycle true
7 verbose lifecycle projects@~precommit: PATH: /usr/lib/node_modules/npm/bin/node-gyp-bin:/home/msi/Документы/ValidationForm/node_modules/.bin:/usr/bin:/usr/lib/node_modules/npm/bin/node-gyp-bin:/home/msi/Документы/ValidationForm/node_modules/husky/node_modules/.bin:/home/msi/Документы/ValidationForm/node_modules/.bin:/usr/bin:/usr/local/sbin:/usr/local/bin:/usr/sbin:/usr/bin:/sbin:/bin:/usr/games:/usr/local/games:/snap/bin:/snap/bin
8 verbose lifecycle projects@~precommit: CWD: /home/msi/Документы/ValidationForm
9 silly lifecycle projects@~precommit: Args: [ '-c', 'npm run test' ]
10 silly lifecycle projects@~precommit: Returned: code: 1  signal: null
11 info lifecycle projects@~precommit: Failed to exec precommit script
12 verbose stack Error: projects@ precommit: `npm run test`
12 verbose stack Exit status 1
12 verbose stack     at EventEmitter.<anonymous> (/usr/lib/node_modules/npm/lib/utils/lifecycle.js:242:16)
12 verbose stack     at emitTwo (events.js:106:13)
12 verbose stack     at EventEmitter.emit (events.js:191:7)
12 verbose stack     at ChildProcess.<anonymous> (/usr/lib/node_modules/npm/lib/utils/spawn.js:40:14)
12 verbose stack     at emitTwo (events.js:106:13)
12 verbose stack     at ChildProcess.emit (events.js:191:7)
12 verbose stack     at maybeClose (internal/child_process.js:852:16)
12 verbose stack     at Process.ChildProcess._handle.onexit (internal/child_process.js:215:5)
13 verbose pkgid projects@
14 verbose cwd /home/msi/Документы/ValidationForm
15 error Linux 4.4.0-38-generic
16 error argv "/usr/bin/nodejs" "/usr/bin/npm" "run" "precommit"
17 error node v6.3.1
18 error npm  v3.10.3
19 error code ELIFECYCLE
20 error projects@ precommit: `npm run test`
20 error Exit status 1
21 error Failed at the projects@ precommit script 'npm run test'.
21 error Make sure you have the latest version of node.js and npm installed.
21 error If you do, this is most likely a problem with the projects package,
21 error not with npm itself.
21 error Tell the author that this fails on your system:
21 error     npm run test
21 error You can get information on how to open an issue for this project with:
21 error     npm bugs projects
21 error Or if that isn't available, you can get their info via:
21 error     npm owner ls projects
21 error There is likely additional logging output above.
22 verbose exit [ 1, true ]
